d:\3dneurallod\computeinside\computeinside\x64\debug\vc142.pdb
d:\3dneurallod\computeinside\computeinside\x64\debug\vc142.idb
d:\3dneurallod\computeinside\computeinside\x64\debug\main.obj
d:\computeinside\computeinside\x64\debug\vc142.pdb
d:\computeinside\computeinside\x64\debug\vc142.idb
d:\computeinside\computeinside\x64\debug\main.obj
d:\3dneurallod\computeinside\x64\debug\computeinside.lib
d:\3dneurallod\computeinside\x64\debug\computeinside.exp
d:\computeinside\x64\debug\computeinside.lib
d:\computeinside\x64\debug\computeinside.exp
x64\debug\compute_inside.cu.obj
d:\3dneurallod\computeinside\x64\debug\computeinside.exe
d:\3dneurallod\computeinside\x64\debug\computeinside.ilk
d:\3dneurallod\computeinside\x64\debug\computeinside.pdb
d:\computeinside\computeinside\x64\debug\compute_inside.cu.cache
d:\computeinside\computeinside\x64\debug\main.c.cache
d:\computeinside\computeinside\x64\debug\main.cu.cache
d:\computeinside\computeinside\x64\debug\compute_inside.cu.obj
d:\computeinside\computeinside\x64\debug\main.c.obj
d:\computeinside\computeinside\x64\debug\main.cu.obj
d:\computeinside\x64\debug\computeinside.pdb
d:\computeinside\computeinside\x64\debug\computeinside.tlog\cl.command.1.tlog
d:\computeinside\computeinside\x64\debug\computeinside.tlog\cl.read.1.tlog
d:\computeinside\computeinside\x64\debug\computeinside.tlog\cl.write.1.tlog
d:\computeinside\computeinside\x64\debug\computeinside.tlog\computeinside.write.1u.tlog
d:\computeinside\computeinside\x64\debug\computeinside.tlog\cudacompile.read.1u.tlog
d:\computeinside\computeinside\x64\debug\computeinside.tlog\cudacompile.write.1u.tlog
d:\computeinside\computeinside\x64\debug\computeinside.tlog\link-cvtres.read.1.tlog
d:\computeinside\computeinside\x64\debug\computeinside.tlog\link-cvtres.write.1.tlog
d:\computeinside\computeinside\x64\debug\computeinside.tlog\link-rc.read.1.tlog
d:\computeinside\computeinside\x64\debug\computeinside.tlog\link-rc.write.1.tlog
d:\computeinside\computeinside\x64\debug\computeinside.tlog\link.1868-cvtres.read.1.tlog
d:\computeinside\computeinside\x64\debug\computeinside.tlog\link.1868-cvtres.write.1.tlog
d:\computeinside\computeinside\x64\debug\computeinside.tlog\link.1868-rc.read.1.tlog
d:\computeinside\computeinside\x64\debug\computeinside.tlog\link.1868-rc.write.1.tlog
d:\computeinside\computeinside\x64\debug\computeinside.tlog\link.1868.read.1.tlog
d:\computeinside\computeinside\x64\debug\computeinside.tlog\link.1868.write.1.tlog
d:\computeinside\computeinside\x64\debug\computeinside.tlog\link.command.1.tlog
d:\computeinside\computeinside\x64\debug\computeinside.tlog\link.read.1.tlog
d:\computeinside\computeinside\x64\debug\computeinside.tlog\link.write.1.tlog
